<?xml version="1.0" encoding="UTF-8"?>
<!-- Generated by org.testng.reporters.JUnitXMLReporter -->
<testsuite ignored="0" hostname="DESKTOP-A1H1JSG" failures="0" tests="4" name="Test" time="74.068" errors="0" timestamp="2023-08-08T16:10:49 IST">
  <testcase classname="Testscripts.TC1" name="Tc1" time="11.945"/>
  <testcase classname="Testscripts.TC2" name="Tc2" time="11.967"/>
  <testcase classname="Testscripts.TC3" name="Tc1" time="12.108"/>
  <testcase classname="Testscripts.TC4" name="Tc1" time="12.041"/>
</testsuite> <!-- Test -->
